<?xml version="1.0" encoding="UTF-8"?>
<coverage generated="1756895072762" clover="3.2.0">
  <project timestamp="1756895072762" name="All files">
    <metrics statements="10" coveredstatements="10" conditionals="8" coveredconditionals="7" methods="3" coveredmethods="3" elements="21" coveredelements="20" complexity="0" loc="10" ncloc="10" packages="1" files="1" classes="1"/>
    <file name="polls.ts" path="/workspaces/alx-polly/polling-app/lib/polls.ts">
      <metrics statements="10" coveredstatements="10" conditionals="8" coveredconditionals="7" methods="3" coveredmethods="3"/>
      <line num="2" count="1" type="stmt"/>
      <line num="10" count="3" type="stmt"/>
      <line num="11" count="3" type="cond" truecount="4" falsecount="0"/>
      <line num="12" count="1" type="stmt"/>
      <line num="15" count="2" type="stmt"/>
      <line num="21" count="2" type="cond" truecount="2" falsecount="0"/>
      <line num="23" count="2" type="stmt"/>
      <line num="28" count="1" type="stmt"/>
      <line num="29" count="1" type="cond" truecount="1" falsecount="1"/>
      <line num="31" count="1" type="stmt"/>
    </file>
  </project>
</coverage>
