{"/workspaces/alx-polly/polling-app/lib/polls.ts": {"path":"/workspaces/alx-polly/polling-app/lib/polls.ts","statementMap":{"0":{"start":{"line":10,"column":0},"end":{"line":10,"column":22}},"1":{"start":{"line":2,"column":0},"end":{"line":2,"column":44}},"2":{"start":{"line":10,"column":33},"end":{"line":32,"column":null}},"3":{"start":{"line":11,"column":2},"end":{"line":13,"column":3}},"4":{"start":{"line":12,"column":4},"end":{"line":12,"column":71}},"5":{"start":{"line":15,"column":32},"end":{"line":19,"column":13}},"6":{"start":{"line":21,"column":2},"end":{"line":21,"column":25}},"7":{"start":{"line":21,"column":13},"end":{"line":21,"column":25}},"8":{"start":{"line":23,"column":22},"end":{"line":26,"column":5}},"9":{"start":{"line":23,"column":47},"end":{"line":26,"column":4}},"10":{"start":{"line":28,"column":33},"end":{"line":28,"column":88}},"11":{"start":{"line":29,"column":2},"end":{"line":29,"column":37}},"12":{"start":{"line":29,"column":19},"end":{"line":29,"column":37}},"13":{"start":{"line":31,"column":2},"end":{"line":31,"column":14}}},"fnMap":{"0":{"name":"createPoll","decl":{"start":{"line":10,"column":22},"end":{"line":10,"column":32}},"loc":{"start":{"line":10,"column":32},"end":{"line":32,"column":null}}},"1":{"name":"(anonymous_8)","decl":{"start":{"line":10,"column":33},"end":{"line":10,"column":35}},"loc":{"start":{"line":10,"column":76},"end":{"line":32,"column":1}}},"2":{"name":"(anonymous_9)","decl":{"start":{"line":23,"column":34},"end":{"line":23,"column":35}},"loc":{"start":{"line":23,"column":47},"end":{"line":26,"column":4}}}},"branchMap":{"0":{"loc":{"start":{"line":11,"column":2},"end":{"line":13,"column":3}},"type":"if","locations":[{"start":{"line":11,"column":2},"end":{"line":13,"column":3}},{"start":{},"end":{}}]},"1":{"loc":{"start":{"line":11,"column":6},"end":{"line":11,"column":34}},"type":"binary-expr","locations":[{"start":{"line":11,"column":6},"end":{"line":11,"column":12}},{"start":{"line":11,"column":16},"end":{"line":11,"column":34}}]},"2":{"loc":{"start":{"line":21,"column":2},"end":{"line":21,"column":25}},"type":"if","locations":[{"start":{"line":21,"column":2},"end":{"line":21,"column":25}},{"start":{},"end":{}}]},"3":{"loc":{"start":{"line":29,"column":2},"end":{"line":29,"column":37}},"type":"if","locations":[{"start":{"line":29,"column":2},"end":{"line":29,"column":37}},{"start":{},"end":{}}]}},"s":{"0":1,"1":1,"2":3,"3":3,"4":1,"5":2,"6":2,"7":1,"8":1,"9":2,"10":1,"11":1,"12":0,"13":1},"f":{"0":3,"1":3,"2":2},"b":{"0":[1,2],"1":[3,2],"2":[1,1],"3":[0,1]}}
}
